# JRE version: OpenJDK Runtime Environment Temurin-21.0.9+10 (21.0.9+10) (build 21.0.9+10-LTS)
# Java VM: OpenJDK 64-Bit Server VM Temurin-21.0.9+10 (21.0.9+10-LTS, mixed mode, sharing, tiered, compressed oops, compressed class ptrs, parallel gc, windows-amd64)
GC Precious Log:
 CardTable entry size: 512
 CPUs: 16 total, 16 available
 Memory: 15724M
 Large Page Support: Disabled
 NUMA Support: Disabled
 Compressed Oops: Enabled (32-bit)
 Alignments: Space 512K, Generation 512K, Heap 2M
 Heap Min Capacity: 100M
 Heap Initial Capacity: 100M
 Heap Max Capacity: 2G
 Pre-touch: Disabled
 Parallel Workers: 13
Heap:
 PSYoungGen      total 21504K, used 15695K [0x00000000d5580000, 0x00000000d6b80000, 0x0000000100000000)
  eden space 20480K, 72% used [0x00000000d5580000,0x00000000d6413e28,0x00000000d6980000)
  from space 1024K, 75% used [0x00000000d6980000,0x00000000d6a40020,0x00000000d6a80000)
  to   space 1024K, 0% used [0x00000000d6a80000,0x00000000d6a80000,0x00000000d6b80000)
 ParOldGen       total 305152K, used 273265K [0x0000000080000000, 0x0000000092a00000, 0x00000000d5580000)
  object space 305152K, 89% used [0x0000000080000000,0x0000000090adc638,0x0000000092a00000)
 Metaspace       used 57072K, committed 58304K, reserved 1114112K
  class space    used 5459K, committed 6080K, reserved 1048576K
GC Heap History (20 events):
Event: 1708.376 GC heap before
{Heap before GC invocations=213 (full 3):
 PSYoungGen      total 20992K, used 20896K [0x00000000d5580000, 0x00000000d6b00000, 0x0000000100000000)
  eden space 20480K, 100% used [0x00000000d5580000,0x00000000d6980000,0x00000000d6980000)
  from space 512K, 81% used [0x00000000d6a00000,0x00000000d6a68000,0x00000000d6a80000)
  to   space 512K, 0% used [0x00000000d6a80000,0x00000000d6a80000,0x00000000d6b00000)
 ParOldGen       total 305152K, used 271055K [0x0000000080000000, 0x0000000092a00000, 0x00000000d5580000)
  object space 305152K, 88% used [0x0000000080000000,0x00000000908b3d70,0x0000000092a00000)
 Metaspace       used 56940K, committed 58240K, reserved 1114112K
  class space    used 5454K, committed 6080K, reserved 1048576K
}
Event: 1708.377 GC heap after
{Heap after GC invocations=213 (full 3):
 PSYoungGen      total 20992K, used 480K [0x00000000d5580000, 0x00000000d6b00000, 0x0000000100000000)
  eden space 20480K, 0% used [0x00000000d5580000,0x00000000d5580000,0x00000000d6980000)
  from space 512K, 93% used [0x00000000d6a80000,0x00000000d6af8000,0x00000000d6b00000)
  to   space 512K, 0% used [0x00000000d6a00000,0x00000000d6a00000,0x00000000d6a80000)
 ParOldGen       total 305152K, used 271116K [0x0000000080000000, 0x0000000092a00000, 0x00000000d5580000)
  object space 305152K, 88% used [0x0000000080000000,0x00000000908c33d8,0x0000000092a00000)
 Metaspace       used 56940K, committed 58240K, reserved 1114112K
  class space    used 5454K, committed 6080K, reserved 1048576K
}
Event: 1726.713 GC heap before
{Heap before GC invocations=214 (full 3):
 PSYoungGen      total 20992K, used 20960K [0x00000000d5580000, 0x00000000d6b00000, 0x0000000100000000)
  eden space 20480K, 100% used [0x00000000d5580000,0x00000000d6980000,0x00000000d6980000)
  from space 512K, 93% used [0x00000000d6a80000,0x00000000d6af8000,0x00000000d6b00000)
  to   space 512K, 0% used [0x00000000d6a00000,0x00000000d6a00000,0x00000000d6a80000)
 ParOldGen       total 305152K, used 271116K [0x0000000080000000, 0x0000000092a00000, 0x00000000d5580000)
  object space 305152K, 88% used [0x0000000080000000,0x00000000908c33d8,0x0000000092a00000)
 Metaspace       used 56959K, committed 58240K, reserved 1114112K
  class space    used 5454K, committed 6080K, reserved 1048576K
}
Event: 1726.714 GC heap after
{Heap after GC invocations=214 (full 3):
 PSYoungGen      total 20992K, used 416K [0x00000000d5580000, 0x00000000d6b00000, 0x0000000100000000)
  eden space 20480K, 0% used [0x00000000d5580000,0x00000000d5580000,0x00000000d6980000)
  from space 512K, 81% used [0x00000000d6a00000,0x00000000d6a68000,0x00000000d6a80000)
  to   space 512K, 0% used [0x00000000d6a80000,0x00000000d6a80000,0x00000000d6b00000)
 ParOldGen       total 305152K, used 271506K [0x0000000080000000, 0x0000000092a00000, 0x00000000d5580000)
  object space 305152K, 88% used [0x0000000080000000,0x0000000090924858,0x0000000092a00000)
 Metaspace       used 56959K, committed 58240K, reserved 1114112K
  class space    used 5454K, committed 6080K, reserved 1048576K
}
Event: 1971.966 GC heap before
{Heap before GC invocations=215 (full 3):
 PSYoungGen      total 20992K, used 20896K [0x00000000d5580000, 0x00000000d6b00000, 0x0000000100000000)
  eden space 20480K, 100% used [0x00000000d5580000,0x00000000d6980000,0x00000000d6980000)
  from space 512K, 81% used [0x00000000d6a00000,0x00000000d6a68000,0x00000000d6a80000)
  to   space 512K, 0% used [0x00000000d6a80000,0x00000000d6a80000,0x00000000d6b00000)
 ParOldGen       total 305152K, used 271506K [0x0000000080000000, 0x0000000092a00000, 0x00000000d5580000)
  object space 305152K, 88% used [0x0000000080000000,0x0000000090924858,0x0000000092a00000)
 Metaspace       used 56987K, committed 58240K, reserved 1114112K
  class space    used 5455K, committed 6080K, reserved 1048576K
}
Event: 1971.967 GC heap after
{Heap after GC invocations=215 (full 3):
 PSYoungGen      total 20992K, used 480K [0x00000000d5580000, 0x00000000d6b00000, 0x0000000100000000)
  eden space 20480K, 0% used [0x00000000d5580000,0x00000000d5580000,0x00000000d6980000)
  from space 512K, 93% used [0x00000000d6a80000,0x00000000d6af8020,0x00000000d6b00000)
  to   space 512K, 0% used [0x00000000d6a00000,0x00000000d6a00000,0x00000000d6a80000)
 ParOldGen       total 305152K, used 271610K [0x0000000080000000, 0x0000000092a00000, 0x00000000d5580000)
  object space 305152K, 89% used [0x0000000080000000,0x000000009093e858,0x0000000092a00000)
 Metaspace       used 56987K, committed 58240K, reserved 1114112K
  class space    used 5455K, committed 6080K, reserved 1048576K
}
Event: 1992.111 GC heap before
{Heap before GC invocations=216 (full 3):
 PSYoungGen      total 20992K, used 20960K [0x00000000d5580000, 0x00000000d6b00000, 0x0000000100000000)
  eden space 20480K, 100% used [0x00000000d5580000,0x00000000d6980000,0x00000000d6980000)
  from space 512K, 93% used [0x00000000d6a80000,0x00000000d6af8020,0x00000000d6b00000)
  to   space 512K, 0% used [0x00000000d6a00000,0x00000000d6a00000,0x00000000d6a80000)
 ParOldGen       total 305152K, used 271610K [0x0000000080000000, 0x0000000092a00000, 0x00000000d5580000)
  object space 305152K, 89% used [0x0000000080000000,0x000000009093e858,0x0000000092a00000)
 Metaspace       used 56996K, committed 58240K, reserved 1114112K
  class space    used 5455K, committed 6080K, reserved 1048576K
}
Event: 1992.112 GC heap after
{Heap after GC invocations=216 (full 3):
 PSYoungGen      total 20992K, used 416K [0x00000000d5580000, 0x00000000d6b00000, 0x0000000100000000)
  eden space 20480K, 0% used [0x00000000d5580000,0x00000000d5580000,0x00000000d6980000)
  from space 512K, 81% used [0x00000000d6a00000,0x00000000d6a68000,0x00000000d6a80000)
  to   space 512K, 0% used [0x00000000d6a80000,0x00000000d6a80000,0x00000000d6b00000)
 ParOldGen       total 305152K, used 271762K [0x0000000080000000, 0x0000000092a00000, 0x00000000d5580000)
  object space 305152K, 89% used [0x0000000080000000,0x0000000090964888,0x0000000092a00000)
 Metaspace       used 56996K, committed 58240K, reserved 1114112K
  class space    used 5455K, committed 6080K, reserved 1048576K
}
Event: 2015.662 GC heap before
{Heap before GC invocations=217 (full 3):
 PSYoungGen      total 20992K, used 20896K [0x00000000d5580000, 0x00000000d6b00000, 0x0000000100000000)
  eden space 20480K, 100% used [0x00000000d5580000,0x00000000d6980000,0x00000000d6980000)
  from space 512K, 81% used [0x00000000d6a00000,0x00000000d6a68000,0x00000000d6a80000)
  to   space 512K, 0% used [0x00000000d6a80000,0x00000000d6a80000,0x00000000d6b00000)
 ParOldGen       total 305152K, used 271762K [0x0000000080000000, 0x0000000092a00000, 0x00000000d5580000)
  object space 305152K, 89% used [0x0000000080000000,0x0000000090964888,0x0000000092a00000)
 Metaspace       used 57006K, committed 58240K, reserved 1114112K
  class space    used 5455K, committed 6080K, reserved 1048576K
}
Event: 2015.663 GC heap after
{Heap after GC invocations=217 (full 3):
 PSYoungGen      total 20992K, used 480K [0x00000000d5580000, 0x00000000d6b80000, 0x0000000100000000)
  eden space 20480K, 0% used [0x00000000d5580000,0x00000000d5580000,0x00000000d6980000)
  from space 512K, 93% used [0x00000000d6a80000,0x00000000d6af8020,0x00000000d6b00000)
  to   space 1024K, 0% used [0x00000000d6980000,0x00000000d6980000,0x00000000d6a80000)
 ParOldGen       total 305152K, used 272146K [0x0000000080000000, 0x0000000092a00000, 0x00000000d5580000)
  object space 305152K, 89% used [0x0000000080000000,0x00000000909c4888,0x0000000092a00000)
 Metaspace       used 57006K, committed 58240K, reserved 1114112K
  class space    used 5455K, committed 6080K, reserved 1048576K
}
Event: 2019.688 GC heap before
{Heap before GC invocations=218 (full 3):
 PSYoungGen      total 20992K, used 20960K [0x00000000d5580000, 0x00000000d6b80000, 0x0000000100000000)
  eden space 20480K, 100% used [0x00000000d5580000,0x00000000d6980000,0x00000000d6980000)
  from space 512K, 93% used [0x00000000d6a80000,0x00000000d6af8020,0x00000000d6b00000)
  to   space 1024K, 0% used [0x00000000d6980000,0x00000000d6980000,0x00000000d6a80000)
 ParOldGen       total 305152K, used 272146K [0x0000000080000000, 0x0000000092a00000, 0x00000000d5580000)
  object space 305152K, 89% used [0x0000000080000000,0x00000000909c4888,0x0000000092a00000)
 Metaspace       used 57006K, committed 58240K, reserved 1114112K
  class space    used 5455K, committed 6080K, reserved 1048576K
}
Event: 2019.688 GC heap after
{Heap after GC invocations=218 (full 3):
 PSYoungGen      total 21504K, used 576K [0x00000000d5580000, 0x00000000d6b80000, 0x0000000100000000)
  eden space 20480K, 0% used [0x00000000d5580000,0x00000000d5580000,0x00000000d6980000)
  from space 1024K, 56% used [0x00000000d6980000,0x00000000d6a10000,0x00000000d6a80000)
  to   space 1024K, 0% used [0x00000000d6a80000,0x00000000d6a80000,0x00000000d6b80000)
 ParOldGen       total 305152K, used 272604K [0x0000000080000000, 0x0000000092a00000, 0x00000000d5580000)
  object space 305152K, 89% used [0x0000000080000000,0x0000000090a371a8,0x0000000092a00000)
 Metaspace       used 57006K, committed 58240K, reserved 1114112K
  class space    used 5455K, committed 6080K, reserved 1048576K
}
Event: 2033.878 GC heap before
{Heap before GC invocations=219 (full 3):
 PSYoungGen      total 21504K, used 21056K [0x00000000d5580000, 0x00000000d6b80000, 0x0000000100000000)
  eden space 20480K, 100% used [0x00000000d5580000,0x00000000d6980000,0x00000000d6980000)
  from space 1024K, 56% used [0x00000000d6980000,0x00000000d6a10000,0x00000000d6a80000)
  to   space 1024K, 0% used [0x00000000d6a80000,0x00000000d6a80000,0x00000000d6b80000)
 ParOldGen       total 305152K, used 272604K [0x0000000080000000, 0x0000000092a00000, 0x00000000d5580000)
  object space 305152K, 89% used [0x0000000080000000,0x0000000090a371a8,0x0000000092a00000)
 Metaspace       used 57015K, committed 58240K, reserved 1114112K
  class space    used 5456K, committed 6080K, reserved 1048576K
}
Event: 2033.879 GC heap after
{Heap after GC invocations=219 (full 3):
 PSYoungGen      total 21504K, used 544K [0x00000000d5580000, 0x00000000d6b80000, 0x0000000100000000)
  eden space 20480K, 0% used [0x00000000d5580000,0x00000000d5580000,0x00000000d6980000)
  from space 1024K, 53% used [0x00000000d6a80000,0x00000000d6b08000,0x00000000d6b80000)
  to   space 1024K, 0% used [0x00000000d6980000,0x00000000d6980000,0x00000000d6a80000)
 ParOldGen       total 305152K, used 272732K [0x0000000080000000, 0x0000000092a00000, 0x00000000d5580000)
  object space 305152K, 89% used [0x0000000080000000,0x0000000090a571a8,0x0000000092a00000)
 Metaspace       used 57015K, committed 58240K, reserved 1114112K
  class space    used 5456K, committed 6080K, reserved 1048576K
}
Event: 2037.825 GC heap before
{Heap before GC invocations=220 (full 3):
 PSYoungGen      total 21504K, used 21024K [0x00000000d5580000, 0x00000000d6b80000, 0x0000000100000000)
  eden space 20480K, 100% used [0x00000000d5580000,0x00000000d6980000,0x00000000d6980000)
  from space 1024K, 53% used [0x00000000d6a80000,0x00000000d6b08000,0x00000000d6b80000)
  to   space 1024K, 0% used [0x00000000d6980000,0x00000000d6980000,0x00000000d6a80000)
 ParOldGen       total 305152K, used 272732K [0x0000000080000000, 0x0000000092a00000, 0x00000000d5580000)
  object space 305152K, 89% used [0x0000000080000000,0x0000000090a571a8,0x0000000092a00000)
 Metaspace       used 57024K, committed 58304K, reserved 1114112K
  class space    used 5456K, committed 6080K, reserved 1048576K
}
Event: 2037.825 GC heap after
{Heap after GC invocations=220 (full 3):
 PSYoungGen      total 21504K, used 416K [0x00000000d5580000, 0x00000000d6b00000, 0x0000000100000000)
  eden space 20480K, 0% used [0x00000000d5580000,0x00000000d5580000,0x00000000d6980000)
  from space 1024K, 40% used [0x00000000d6980000,0x00000000d69e8000,0x00000000d6a80000)
  to   space 512K, 0% used [0x00000000d6a80000,0x00000000d6a80000,0x00000000d6b00000)
 ParOldGen       total 305152K, used 272804K [0x0000000080000000, 0x0000000092a00000, 0x00000000d5580000)
  object space 305152K, 89% used [0x0000000080000000,0x0000000090a691a8,0x0000000092a00000)
 Metaspace       used 57024K, committed 58304K, reserved 1114112K
  class space    used 5456K, committed 6080K, reserved 1048576K
}
Event: 2048.355 GC heap before
{Heap before GC invocations=221 (full 3):
 PSYoungGen      total 21504K, used 20891K [0x00000000d5580000, 0x00000000d6b00000, 0x0000000100000000)
  eden space 20480K, 99% used [0x00000000d5580000,0x00000000d697ed08,0x00000000d6980000)
  from space 1024K, 40% used [0x00000000d6980000,0x00000000d69e8000,0x00000000d6a80000)
  to   space 512K, 0% used [0x00000000d6a80000,0x00000000d6a80000,0x00000000d6b00000)
 ParOldGen       total 305152K, used 272804K [0x0000000080000000, 0x0000000092a00000, 0x00000000d5580000)
  object space 305152K, 89% used [0x0000000080000000,0x0000000090a691a8,0x0000000092a00000)
 Metaspace       used 57025K, committed 58304K, reserved 1114112K
  class space    used 5456K, committed 6080K, reserved 1048576K
}
Event: 2048.356 GC heap after
{Heap after GC invocations=221 (full 3):
 PSYoungGen      total 20992K, used 512K [0x00000000d5580000, 0x00000000d6b80000, 0x0000000100000000)
  eden space 20480K, 0% used [0x00000000d5580000,0x00000000d5580000,0x00000000d6980000)
  from space 512K, 100% used [0x00000000d6a80000,0x00000000d6b00000,0x00000000d6b00000)
  to   space 1024K, 0% used [0x00000000d6980000,0x00000000d6980000,0x00000000d6a80000)
 ParOldGen       total 305152K, used 272876K [0x0000000080000000, 0x0000000092a00000, 0x00000000d5580000)
  object space 305152K, 89% used [0x0000000080000000,0x0000000090a7b1b8,0x0000000092a00000)
 Metaspace       used 57025K, committed 58304K, reserved 1114112K
  class space    used 5456K, committed 6080K, reserved 1048576K
}
Event: 2050.694 GC heap before
{Heap before GC invocations=222 (full 3):
 PSYoungGen      total 20992K, used 20343K [0x00000000d5580000, 0x00000000d6b80000, 0x0000000100000000)
  eden space 20480K, 96% used [0x00000000d5580000,0x00000000d68ddc88,0x00000000d6980000)
  from space 512K, 100% used [0x00000000d6a80000,0x00000000d6b00000,0x00000000d6b00000)
  to   space 1024K, 0% used [0x00000000d6980000,0x00000000d6980000,0x00000000d6a80000)
 ParOldGen       total 305152K, used 272876K [0x0000000080000000, 0x0000000092a00000, 0x00000000d5580000)
  object space 305152K, 89% used [0x0000000080000000,0x0000000090a7b1b8,0x0000000092a00000)
 Metaspace       used 57057K, committed 58304K, reserved 1114112K
  class space    used 5459K, committed 6080K, reserved 1048576K
}
Event: 2050.695 GC heap after
{Heap after GC invocations=222 (full 3):
 PSYoungGen      total 21504K, used 768K [0x00000000d5580000, 0x00000000d6b80000, 0x0000000100000000)
  eden space 20480K, 0% used [0x00000000d5580000,0x00000000d5580000,0x00000000d6980000)
  from space 1024K, 75% used [0x00000000d6980000,0x00000000d6a40020,0x00000000d6a80000)
  to   space 1024K, 0% used [0x00000000d6a80000,0x00000000d6a80000,0x00000000d6b80000)
 ParOldGen       total 305152K, used 273265K [0x0000000080000000, 0x0000000092a00000, 0x00000000d5580000)
  object space 305152K, 89% used [0x0000000080000000,0x0000000090adc638,0x0000000092a00000)
 Metaspace       used 57057K, committed 58304K, reserved 1114112K
  class space    used 5459K, committed 6080K, reserved 1048576K
}

